<?xml version="1.0" encoding="UTF-8"?>
<!-- Generated by org.testng.reporters.JUnitReportReporter -->
<testsuite hostname="King" name="TestCases.New_Test" tests="1" failures="0" timestamp="20 Sep 2017 03:14:48 GMT" time="0.003" errors="0">
  <testcase name="test" time="0.003" classname="TestCases.New_Test"/>
</testsuite> <!-- TestCases.New_Test -->
